TN:
SF:src\utils\password.ts
FN:1,(anonymous_0)
FNF:1
FNH:1
FNDA:15,(anonymous_0)
DA:1,1
DA:2,15
DA:3,14
DA:4,13
DA:6,12
DA:7,12
DA:8,12
DA:9,12
DA:11,12
DA:13,2
DA:14,1
DA:15,10
DA:17,6
DA:18,2
DA:21,4
DA:24,4
LF:16
LH:16
BRDA:2,0,0,1
BRDA:2,0,1,14
BRDA:3,1,0,1
BRDA:3,1,1,13
BRDA:4,2,0,1
BRDA:4,2,1,12
BRDA:11,3,0,2
BRDA:11,3,1,10
BRDA:13,4,0,1
BRDA:13,4,1,1
BRDA:15,5,0,6
BRDA:15,5,1,4
BRDA:15,6,0,10
BRDA:15,6,1,10
BRDA:17,7,0,4
BRDA:17,7,1,2
BRDA:17,8,0,6
BRDA:17,8,1,4
BRDA:17,8,2,3
BRDA:18,9,0,1
BRDA:18,9,1,1
BRDA:21,10,0,1
BRDA:21,10,1,3
BRDA:21,11,0,4
BRDA:21,11,1,2
BRF:25
BRH:25
end_of_record
TN:
SF:src\utils\shipping.ts
FN:44,calculateShipping
FNF:1
FNH:1
FNDA:12,calculateShipping
DA:44,1
DA:50,12
DA:51,2
DA:54,10
DA:55,3
DA:59,7
DA:61,7
DA:62,3
DA:63,4
DA:64,1
DA:66,3
DA:70,7
DA:71,4
DA:75,7
DA:76,5
DA:79,7
LF:16
LH:16
BRDA:50,0,0,2
BRDA:50,0,1,10
BRDA:54,1,0,3
BRDA:54,1,1,7
BRDA:54,2,0,10
BRDA:54,2,1,9
BRDA:61,3,0,3
BRDA:61,3,1,4
BRDA:63,4,0,1
BRDA:63,4,1,3
BRDA:70,5,0,4
BRDA:70,5,1,3
BRDA:75,6,0,5
BRDA:75,6,1,2
BRF:14
BRH:14
end_of_record
TN:
SF:src\utils\userValid.ts
FN:1,validateUserRegistration
FNF:1
FNH:1
FNDA:7,validateUserRegistration
DA:1,1
DA:8,7
DA:9,1
DA:13,6
DA:14,1
DA:18,5
DA:19,1
DA:23,4
DA:24,1
DA:28,3
DA:29,1
DA:33,2
LF:12
LH:12
BRDA:8,0,0,1
BRDA:8,0,1,6
BRDA:8,1,0,7
BRDA:8,1,1,7
BRDA:13,2,0,1
BRDA:13,2,1,5
BRDA:18,3,0,1
BRDA:18,3,1,4
BRDA:23,4,0,1
BRDA:23,4,1,3
BRDA:23,5,0,4
BRDA:23,5,1,3
BRDA:28,6,0,1
BRDA:28,6,1,2
BRDA:28,7,0,3
BRDA:28,7,1,2
BRF:16
BRH:16
end_of_record
